{
  "RSpec": {
    "coverage": {
      "/Users/marcusventin/Projects/week-7-makersbnb/makersbnb/app.rb": {
        "lines": [
          1,
          1,
          1,
          1,
          1,
          1,
          1,
          null,
          1,
          1,
          null,
          1,
          0,
          null,
          null,
          1,
          4,
          null,
          null,
          1,
          3,
          null,
          null,
          1,
          3,
          3,
          3,
          null,
          null,
          1,
          2,
          null,
          null,
          1,
          2,
          null,
          null,
          null,
          null,
          null,
          2,
          null,
          null,
          1,
          2,
          2,
          null,
          null,
          1,
          3,
          3,
          null,
          null,
          1,
          1,
          1,
          1,
          null,
          null,
          1,
          0,
          0,
          0,
          0,
          0,
          null,
          null,
          1,
          null,
          0,
          null,
          0,
          null,
          null,
          1,
          0,
          null,
          null,
          1,
          null,
          null,
          null
        ]
      },
      "/Users/marcusventin/Projects/week-7-makersbnb/makersbnb/lib/user.rb": {
        "lines": [
          1,
          null,
          1,
          null,
          1,
          null,
          1,
          9,
          9,
          9,
          null,
          null,
          1,
          9,
          9,
          null,
          0,
          null,
          null,
          9,
          null,
          null,
          9,
          null,
          null,
          null,
          1,
          3,
          3,
          null,
          0,
          null,
          null,
          3,
          3,
          null,
          null
        ]
      },
      "/Users/marcusventin/Projects/week-7-makersbnb/makersbnb/lib/space.rb": {
        "lines": [
          1,
          null,
          1,
          null,
          1,
          1,
          null,
          1,
          14,
          14,
          14,
          14,
          null,
          null,
          1,
          7,
          null,
          null,
          null,
          7,
          null,
          7,
          null,
          null,
          null,
          null,
          7,
          null,
          7,
          null,
          null,
          null,
          null,
          null,
          1,
          6,
          null,
          null,
          null,
          6,
          null,
          11,
          null,
          null,
          null,
          null,
          null,
          null,
          1,
          2,
          null,
          null,
          null,
          2,
          null,
          4,
          null,
          null,
          null,
          null,
          null,
          null
        ]
      },
      "/Users/marcusventin/Projects/week-7-makersbnb/makersbnb/lib/availability.rb": {
        "lines": [
          1,
          1,
          null,
          1,
          1,
          null,
          1,
          4,
          null,
          null,
          1,
          21,
          null,
          7,
          null,
          null,
          null,
          21,
          null,
          null,
          null,
          null,
          1,
          2,
          null,
          null,
          null,
          2,
          null,
          null,
          null,
          6,
          null,
          null,
          null
        ]
      },
      "/Users/marcusventin/Projects/week-7-makersbnb/makersbnb/lib/booking.rb": {
        "lines": [
          1,
          null,
          1,
          1,
          null,
          1,
          1,
          1,
          1,
          1,
          1,
          null,
          null,
          1,
          1,
          null,
          null,
          null,
          1,
          null,
          null,
          null,
          null,
          null,
          null,
          1,
          null,
          null,
          null,
          null,
          null
        ]
      },
      "/Users/marcusventin/Projects/week-7-makersbnb/makersbnb/spec/availability_spec.rb": {
        "lines": [
          1,
          null,
          1,
          1,
          1,
          1,
          1,
          null,
          1,
          null,
          null,
          null,
          null,
          1,
          null,
          null,
          null,
          1,
          null,
          3,
          null,
          null,
          null
        ]
      },
      "/Users/marcusventin/Projects/week-7-makersbnb/makersbnb/spec/booking_spec.rb": {
        "lines": [
          1,
          null,
          1,
          1,
          1,
          1,
          1,
          null,
          1,
          null,
          null,
          null,
          null,
          null,
          null,
          1,
          1,
          null,
          null,
          null
        ]
      },
      "/Users/marcusventin/Projects/week-7-makersbnb/makersbnb/spec/features/add_property_spec.rb": {
        "lines": [
          1,
          1,
          1,
          null,
          1,
          null,
          null
        ]
      },
      "/Users/marcusventin/Projects/week-7-makersbnb/makersbnb/spec/features/signing_up_spec.rb": {
        "lines": [
          1,
          1,
          1,
          null,
          1,
          1,
          null,
          1,
          null,
          1,
          null,
          null,
          null,
          null
        ]
      },
      "/Users/marcusventin/Projects/week-7-makersbnb/makersbnb/spec/features/view_property_spec.rb": {
        "lines": [
          1,
          1,
          1,
          1,
          1,
          1,
          1,
          null,
          null
        ]
      },
      "/Users/marcusventin/Projects/week-7-makersbnb/makersbnb/spec/space_spec.rb": {
        "lines": [
          1,
          null,
          1,
          1,
          1,
          1,
          1,
          null,
          1,
          null,
          null,
          null,
          null,
          1,
          null,
          null,
          null,
          1,
          1,
          1,
          1,
          null,
          null,
          null,
          1,
          1,
          1,
          1,
          null,
          1,
          null,
          null,
          null,
          null,
          1,
          null,
          null,
          1,
          null,
          null,
          null,
          null,
          1,
          null,
          null,
          1,
          null,
          1,
          1,
          1,
          null,
          null,
          null,
          1,
          1,
          1,
          1,
          null,
          1,
          null,
          null,
          null,
          null,
          1,
          null,
          null,
          null,
          1,
          null,
          1,
          null,
          1,
          1,
          1,
          1,
          null,
          null,
          null
        ]
      },
      "/Users/marcusventin/Projects/week-7-makersbnb/makersbnb/spec/user_spec.rb": {
        "lines": [
          1,
          1,
          null,
          null,
          1,
          null,
          1,
          1,
          1,
          null,
          1,
          null,
          null,
          1,
          1,
          1,
          null,
          null,
          null,
          null,
          null
        ]
      }
    },
    "timestamp": 1643285383
  }
}
